2022-10-27 16:47:18,908 INFO org.springframework.boot.StartupInfoLogger [restartedMain] Starting Logging01Application using Java 18.0.1 on DESKTOP-H9TC1Q2 with PID 15620 (C:\Users\Utente\Desktop\Develhope\SpingBoot\logging_01\target\classes started by Utente in C:\Users\Utente\Desktop\Develhope\SpingBoot\logging_01)
2022-10-27 16:47:18,914 DEBUG org.springframework.boot.StartupInfoLogger [restartedMain] Running with Spring Boot v2.7.5, Spring v5.3.23
2022-10-27 16:47:18,915 INFO org.springframework.boot.SpringApplication [restartedMain] The following 1 profile is active: "prod"
2022-10-27 16:47:19,102 INFO org.springframework.boot.logging.DeferredLog [restartedMain] Devtools property defaults active! Set 'spring.devtools.add-properties' to 'false' to disable
2022-10-27 16:47:19,103 INFO org.springframework.boot.logging.DeferredLog [restartedMain] For additional web related logging consider setting the 'logging.level.web' property to 'DEBUG'
2022-10-27 16:47:21,993 INFO org.springframework.boot.web.embedded.tomcat.TomcatWebServer [restartedMain] Tomcat initialized with port(s): 5000 (http)
2022-10-27 16:47:22,019 INFO org.apache.juli.logging.DirectJDKLog [restartedMain] Initializing ProtocolHandler ["http-nio-5000"]
2022-10-27 16:47:22,020 INFO org.apache.juli.logging.DirectJDKLog [restartedMain] Starting service [Tomcat]
2022-10-27 16:47:22,021 INFO org.apache.juli.logging.DirectJDKLog [restartedMain] Starting Servlet engine: [Apache Tomcat/9.0.68]
2022-10-27 16:47:22,192 INFO org.apache.juli.logging.DirectJDKLog [restartedMain] Initializing Spring embedded WebApplicationContext
2022-10-27 16:47:22,193 INFO org.springframework.boot.web.servlet.context.ServletWebServerApplicationContext [restartedMain] Root WebApplicationContext: initialization completed in 3088 ms
2022-10-27 16:47:22,863 INFO org.springframework.boot.devtools.autoconfigure.OptionalLiveReloadServer [restartedMain] LiveReload server is running on port 35729
2022-10-27 16:47:22,884 INFO org.apache.juli.logging.DirectJDKLog [restartedMain] Starting ProtocolHandler ["http-nio-5000"]
2022-10-27 16:47:22,916 INFO org.springframework.boot.web.embedded.tomcat.TomcatWebServer [restartedMain] Tomcat started on port(s): 5000 (http) with context path ''
2022-10-27 16:47:22,944 INFO org.springframework.boot.StartupInfoLogger [restartedMain] Started Logging01Application in 4.928 seconds (JVM running for 6.141)
2022-10-27 16:47:31,228 INFO org.apache.juli.logging.DirectJDKLog [http-nio-5000-exec-1] Initializing Spring DispatcherServlet 'dispatcherServlet'
2022-10-27 16:47:31,229 INFO org.springframework.web.servlet.FrameworkServlet [http-nio-5000-exec-1] Initializing Servlet 'dispatcherServlet'
2022-10-27 16:47:31,230 INFO org.springframework.web.servlet.FrameworkServlet [http-nio-5000-exec-1] Completed initialization in 1 ms
2022-10-27 16:47:31,268 INFO com.logging.logging_01.controllers.BasicController [http-nio-5000-exec-1] Info message of localhost
2022-10-27 16:47:40,628 INFO com.logging.logging_01.controllers.BasicController [http-nio-5000-exec-2] Info message of localhost
2022-10-27 16:51:37,088 INFO org.springframework.boot.StartupInfoLogger [restartedMain] Starting Logging01Application using Java 18.0.1 on DESKTOP-H9TC1Q2 with PID 10872 (C:\Users\Utente\Desktop\Develhope\SpingBoot\logging_01\target\classes started by Utente in C:\Users\Utente\Desktop\Develhope\SpingBoot\logging_01)
2022-10-27 16:51:37,098 DEBUG org.springframework.boot.StartupInfoLogger [restartedMain] Running with Spring Boot v2.7.5, Spring v5.3.23
2022-10-27 16:51:37,100 INFO org.springframework.boot.SpringApplication [restartedMain] The following 1 profile is active: "prod"
2022-10-27 16:51:37,272 INFO org.springframework.boot.logging.DeferredLog [restartedMain] Devtools property defaults active! Set 'spring.devtools.add-properties' to 'false' to disable
2022-10-27 16:51:37,273 INFO org.springframework.boot.logging.DeferredLog [restartedMain] For additional web related logging consider setting the 'logging.level.web' property to 'DEBUG'
2022-10-27 16:51:39,596 INFO org.springframework.boot.web.embedded.tomcat.TomcatWebServer [restartedMain] Tomcat initialized with port(s): 5000 (http)
2022-10-27 16:51:39,622 INFO org.apache.juli.logging.DirectJDKLog [restartedMain] Initializing ProtocolHandler ["http-nio-5000"]
2022-10-27 16:51:39,623 INFO org.apache.juli.logging.DirectJDKLog [restartedMain] Starting service [Tomcat]
2022-10-27 16:51:39,624 INFO org.apache.juli.logging.DirectJDKLog [restartedMain] Starting Servlet engine: [Apache Tomcat/9.0.68]
2022-10-27 16:51:39,757 INFO org.apache.juli.logging.DirectJDKLog [restartedMain] Initializing Spring embedded WebApplicationContext
2022-10-27 16:51:39,758 INFO org.springframework.boot.web.servlet.context.ServletWebServerApplicationContext [restartedMain] Root WebApplicationContext: initialization completed in 2484 ms
2022-10-27 16:51:40,890 INFO org.springframework.boot.devtools.autoconfigure.OptionalLiveReloadServer [restartedMain] LiveReload server is running on port 35729
2022-10-27 16:51:40,918 INFO org.apache.juli.logging.DirectJDKLog [restartedMain] Starting ProtocolHandler ["http-nio-5000"]
2022-10-27 16:51:40,960 INFO org.springframework.boot.web.embedded.tomcat.TomcatWebServer [restartedMain] Tomcat started on port(s): 5000 (http) with context path ''
2022-10-27 16:51:40,985 INFO org.springframework.boot.StartupInfoLogger [restartedMain] Started Logging01Application in 4.715 seconds (JVM running for 6.076)
2022-10-27 16:52:09,730 INFO org.apache.juli.logging.DirectJDKLog [http-nio-5000-exec-1] Initializing Spring DispatcherServlet 'dispatcherServlet'
2022-10-27 16:52:09,731 INFO org.springframework.web.servlet.FrameworkServlet [http-nio-5000-exec-1] Initializing Servlet 'dispatcherServlet'
2022-10-27 16:52:09,732 INFO org.springframework.web.servlet.FrameworkServlet [http-nio-5000-exec-1] Completed initialization in 1 ms
2022-10-27 16:52:09,777 INFO com.logging.logging_01.controllers.BasicController [http-nio-5000-exec-1] Info message of services test
2022-10-27 16:52:09,777 INFO com.logging.logging_01.services.ExpService [http-nio-5000-exec-1] Start calculation
2022-10-27 16:52:09,783 INFO com.logging.logging_01.services.ExpService [http-nio-5000-exec-1] End calculation
2022-10-27 16:53:45,307 INFO org.springframework.boot.StartupInfoLogger [restartedMain] Starting Logging01Application using Java 18.0.1 on DESKTOP-H9TC1Q2 with PID 14088 (C:\Users\Utente\Desktop\Develhope\SpingBoot\logging_01\target\classes started by Utente in C:\Users\Utente\Desktop\Develhope\SpingBoot\logging_01)
2022-10-27 16:53:45,313 DEBUG org.springframework.boot.StartupInfoLogger [restartedMain] Running with Spring Boot v2.7.5, Spring v5.3.23
2022-10-27 16:53:45,314 INFO org.springframework.boot.SpringApplication [restartedMain] The following 1 profile is active: "prod"
2022-10-27 16:53:45,491 INFO org.springframework.boot.logging.DeferredLog [restartedMain] Devtools property defaults active! Set 'spring.devtools.add-properties' to 'false' to disable
2022-10-27 16:53:45,493 INFO org.springframework.boot.logging.DeferredLog [restartedMain] For additional web related logging consider setting the 'logging.level.web' property to 'DEBUG'
2022-10-27 16:53:47,934 INFO org.springframework.boot.web.embedded.tomcat.TomcatWebServer [restartedMain] Tomcat initialized with port(s): 5000 (http)
2022-10-27 16:53:47,962 INFO org.apache.juli.logging.DirectJDKLog [restartedMain] Initializing ProtocolHandler ["http-nio-5000"]
2022-10-27 16:53:47,963 INFO org.apache.juli.logging.DirectJDKLog [restartedMain] Starting service [Tomcat]
2022-10-27 16:53:47,964 INFO org.apache.juli.logging.DirectJDKLog [restartedMain] Starting Servlet engine: [Apache Tomcat/9.0.68]
2022-10-27 16:53:48,096 INFO org.apache.juli.logging.DirectJDKLog [restartedMain] Initializing Spring embedded WebApplicationContext
2022-10-27 16:53:48,097 INFO org.springframework.boot.web.servlet.context.ServletWebServerApplicationContext [restartedMain] Root WebApplicationContext: initialization completed in 2601 ms
2022-10-27 16:53:48,780 INFO org.springframework.boot.devtools.autoconfigure.OptionalLiveReloadServer [restartedMain] LiveReload server is running on port 35729
2022-10-27 16:53:48,813 INFO org.apache.juli.logging.DirectJDKLog [restartedMain] Starting ProtocolHandler ["http-nio-5000"]
2022-10-27 16:53:48,846 INFO org.springframework.boot.web.embedded.tomcat.TomcatWebServer [restartedMain] Tomcat started on port(s): 5000 (http) with context path ''
2022-10-27 16:53:48,868 INFO org.springframework.boot.StartupInfoLogger [restartedMain] Started Logging01Application in 4.536 seconds (JVM running for 5.735)
2022-10-27 16:54:05,406 INFO org.apache.juli.logging.DirectJDKLog [http-nio-5000-exec-1] Initializing Spring DispatcherServlet 'dispatcherServlet'
2022-10-27 16:54:05,407 INFO org.springframework.web.servlet.FrameworkServlet [http-nio-5000-exec-1] Initializing Servlet 'dispatcherServlet'
2022-10-27 16:54:05,409 INFO org.springframework.web.servlet.FrameworkServlet [http-nio-5000-exec-1] Completed initialization in 2 ms
2022-10-27 16:54:05,446 INFO com.logging.logging_01.controllers.BasicController [http-nio-5000-exec-1] Info message of services test
2022-10-27 16:54:05,447 INFO com.logging.logging_01.services.ExpService [http-nio-5000-exec-1] Start calculation
2022-10-27 16:54:05,452 INFO com.logging.logging_01.services.ExpService [http-nio-5000-exec-1] End calculation
2022-10-27 16:54:05,453 INFO com.logging.logging_01.services.ExpService [http-nio-5000-exec-1] Start calculation
2022-10-27 16:54:05,454 INFO com.logging.logging_01.services.ExpService [http-nio-5000-exec-1] End calculation
2022-10-27 16:55:06,904 INFO org.springframework.boot.StartupInfoLogger [restartedMain] Starting Logging01Application using Java 18.0.1 on DESKTOP-H9TC1Q2 with PID 4128 (C:\Users\Utente\Desktop\Develhope\SpingBoot\logging_01\target\classes started by Utente in C:\Users\Utente\Desktop\Develhope\SpingBoot\logging_01)
2022-10-27 16:55:06,910 DEBUG org.springframework.boot.StartupInfoLogger [restartedMain] Running with Spring Boot v2.7.5, Spring v5.3.23
2022-10-27 16:55:06,911 INFO org.springframework.boot.SpringApplication [restartedMain] The following 1 profile is active: "prod"
2022-10-27 16:55:07,061 INFO org.springframework.boot.logging.DeferredLog [restartedMain] Devtools property defaults active! Set 'spring.devtools.add-properties' to 'false' to disable
2022-10-27 16:55:07,062 INFO org.springframework.boot.logging.DeferredLog [restartedMain] For additional web related logging consider setting the 'logging.level.web' property to 'DEBUG'
2022-10-27 16:55:09,047 INFO org.springframework.boot.web.embedded.tomcat.TomcatWebServer [restartedMain] Tomcat initialized with port(s): 5000 (http)
2022-10-27 16:55:09,070 INFO org.apache.juli.logging.DirectJDKLog [restartedMain] Initializing ProtocolHandler ["http-nio-5000"]
2022-10-27 16:55:09,071 INFO org.apache.juli.logging.DirectJDKLog [restartedMain] Starting service [Tomcat]
2022-10-27 16:55:09,072 INFO org.apache.juli.logging.DirectJDKLog [restartedMain] Starting Servlet engine: [Apache Tomcat/9.0.68]
2022-10-27 16:55:09,171 INFO org.apache.juli.logging.DirectJDKLog [restartedMain] Initializing Spring embedded WebApplicationContext
2022-10-27 16:55:09,171 INFO org.springframework.boot.web.servlet.context.ServletWebServerApplicationContext [restartedMain] Root WebApplicationContext: initialization completed in 2108 ms
2022-10-27 16:55:09,797 INFO org.springframework.boot.devtools.autoconfigure.OptionalLiveReloadServer [restartedMain] LiveReload server is running on port 35729
2022-10-27 16:55:09,828 INFO org.apache.juli.logging.DirectJDKLog [restartedMain] Starting ProtocolHandler ["http-nio-5000"]
2022-10-27 16:55:09,865 INFO org.springframework.boot.web.embedded.tomcat.TomcatWebServer [restartedMain] Tomcat started on port(s): 5000 (http) with context path ''
2022-10-27 16:55:09,885 INFO org.springframework.boot.StartupInfoLogger [restartedMain] Started Logging01Application in 3.772 seconds (JVM running for 4.88)
2022-10-27 16:55:12,748 INFO org.apache.juli.logging.DirectJDKLog [http-nio-5000-exec-1] Initializing Spring DispatcherServlet 'dispatcherServlet'
2022-10-27 16:55:12,749 INFO org.springframework.web.servlet.FrameworkServlet [http-nio-5000-exec-1] Initializing Servlet 'dispatcherServlet'
2022-10-27 16:55:12,750 INFO org.springframework.web.servlet.FrameworkServlet [http-nio-5000-exec-1] Completed initialization in 1 ms
2022-10-27 16:55:12,786 INFO com.logging.logging_01.controllers.BasicController [http-nio-5000-exec-1] Info message of services test
2022-10-27 16:55:12,787 INFO com.logging.logging_01.services.ExpService [http-nio-5000-exec-1] Start calculation
2022-10-27 16:55:12,788 INFO com.logging.logging_01.services.ExpService [http-nio-5000-exec-1] End calculation
2022-10-27 16:55:12,793 INFO com.logging.logging_01.services.ExpService [http-nio-5000-exec-1] Start calculation
2022-10-27 16:55:12,794 INFO com.logging.logging_01.services.ExpService [http-nio-5000-exec-1] End calculation
2022-10-27 16:55:20,578 INFO com.logging.logging_01.controllers.BasicController [http-nio-5000-exec-2] Info message of services test
2022-10-27 16:55:20,579 INFO com.logging.logging_01.services.ExpService [http-nio-5000-exec-2] Start calculation
2022-10-27 16:55:20,579 INFO com.logging.logging_01.services.ExpService [http-nio-5000-exec-2] End calculation
2022-10-27 16:55:20,580 INFO com.logging.logging_01.services.ExpService [http-nio-5000-exec-2] Start calculation
2022-10-27 16:55:20,580 INFO com.logging.logging_01.services.ExpService [http-nio-5000-exec-2] End calculation
2022-10-27 16:55:25,705 INFO com.logging.logging_01.controllers.BasicController [http-nio-5000-exec-3] Info message of services test
2022-10-27 16:55:25,707 INFO com.logging.logging_01.services.ExpService [http-nio-5000-exec-3] Start calculation
2022-10-27 16:55:25,708 INFO com.logging.logging_01.services.ExpService [http-nio-5000-exec-3] End calculation
2022-10-27 16:55:25,709 INFO com.logging.logging_01.services.ExpService [http-nio-5000-exec-3] Start calculation
2022-10-27 16:55:25,710 INFO com.logging.logging_01.services.ExpService [http-nio-5000-exec-3] End calculation
2022-10-27 16:55:27,211 INFO com.logging.logging_01.controllers.BasicController [http-nio-5000-exec-4] Info message of services test
2022-10-27 16:55:27,212 INFO com.logging.logging_01.services.ExpService [http-nio-5000-exec-4] Start calculation
2022-10-27 16:55:27,213 INFO com.logging.logging_01.services.ExpService [http-nio-5000-exec-4] End calculation
2022-10-27 16:55:27,214 INFO com.logging.logging_01.services.ExpService [http-nio-5000-exec-4] Start calculation
2022-10-27 16:55:27,215 INFO com.logging.logging_01.services.ExpService [http-nio-5000-exec-4] End calculation
2022-10-27 16:56:22,279 INFO com.logging.logging_01.controllers.BasicController [http-nio-5000-exec-6] Info message of services prod
2022-10-27 16:56:22,281 INFO com.logging.logging_01.services.ExpService [http-nio-5000-exec-6] Start calculation
2022-10-27 16:56:22,282 INFO com.logging.logging_01.services.ExpService [http-nio-5000-exec-6] End calculation
2022-10-27 16:56:22,283 INFO com.logging.logging_01.services.ExpService [http-nio-5000-exec-6] Start calculation
2022-10-27 16:56:22,283 INFO com.logging.logging_01.services.ExpService [http-nio-5000-exec-6] End calculation
2022-10-27 16:58:46,718 INFO org.springframework.boot.StartupInfoLogger [restartedMain] Starting Logging01Application using Java 18.0.1 on DESKTOP-H9TC1Q2 with PID 4740 (C:\Users\Utente\Desktop\Develhope\SpingBoot\logging_01\target\classes started by Utente in C:\Users\Utente\Desktop\Develhope\SpingBoot\logging_01)
2022-10-27 16:58:46,723 DEBUG org.springframework.boot.StartupInfoLogger [restartedMain] Running with Spring Boot v2.7.5, Spring v5.3.23
2022-10-27 16:58:46,724 INFO org.springframework.boot.SpringApplication [restartedMain] The following 1 profile is active: "prod"
2022-10-27 16:58:46,875 INFO org.springframework.boot.logging.DeferredLog [restartedMain] Devtools property defaults active! Set 'spring.devtools.add-properties' to 'false' to disable
2022-10-27 16:58:46,876 INFO org.springframework.boot.logging.DeferredLog [restartedMain] For additional web related logging consider setting the 'logging.level.web' property to 'DEBUG'
2022-10-27 16:58:48,833 INFO org.springframework.boot.web.embedded.tomcat.TomcatWebServer [restartedMain] Tomcat initialized with port(s): 5000 (http)
2022-10-27 16:58:48,856 INFO org.apache.juli.logging.DirectJDKLog [restartedMain] Initializing ProtocolHandler ["http-nio-5000"]
2022-10-27 16:58:48,857 INFO org.apache.juli.logging.DirectJDKLog [restartedMain] Starting service [Tomcat]
2022-10-27 16:58:48,858 INFO org.apache.juli.logging.DirectJDKLog [restartedMain] Starting Servlet engine: [Apache Tomcat/9.0.68]
2022-10-27 16:58:48,972 INFO org.apache.juli.logging.DirectJDKLog [restartedMain] Initializing Spring embedded WebApplicationContext
2022-10-27 16:58:48,972 INFO org.springframework.boot.web.servlet.context.ServletWebServerApplicationContext [restartedMain] Root WebApplicationContext: initialization completed in 2095 ms
2022-10-27 16:58:49,697 INFO org.springframework.boot.devtools.autoconfigure.OptionalLiveReloadServer [restartedMain] LiveReload server is running on port 35729
2022-10-27 16:58:49,723 INFO org.apache.juli.logging.DirectJDKLog [restartedMain] Starting ProtocolHandler ["http-nio-5000"]
2022-10-27 16:58:49,774 INFO org.springframework.boot.web.embedded.tomcat.TomcatWebServer [restartedMain] Tomcat started on port(s): 5000 (http) with context path ''
2022-10-27 16:58:49,809 INFO org.springframework.boot.StartupInfoLogger [restartedMain] Started Logging01Application in 3.868 seconds (JVM running for 4.99)
2022-10-27 16:59:05,058 INFO org.apache.juli.logging.DirectJDKLog [http-nio-5000-exec-1] Initializing Spring DispatcherServlet 'dispatcherServlet'
2022-10-27 16:59:05,058 INFO org.springframework.web.servlet.FrameworkServlet [http-nio-5000-exec-1] Initializing Servlet 'dispatcherServlet'
2022-10-27 16:59:05,059 INFO org.springframework.web.servlet.FrameworkServlet [http-nio-5000-exec-1] Completed initialization in 1 ms
2022-10-27 16:59:05,100 INFO com.logging.logging_01.controllers.BasicController [http-nio-5000-exec-1] Info message of services prod
2022-10-27 16:59:05,101 INFO com.logging.logging_01.services.ExpService [http-nio-5000-exec-1] Start calculation
2022-10-27 16:59:05,102 INFO com.logging.logging_01.services.ExpService [http-nio-5000-exec-1] End calculation
2022-10-27 16:59:05,106 INFO com.logging.logging_01.services.ExpService [http-nio-5000-exec-1] Start calculation
2022-10-27 16:59:05,106 INFO com.logging.logging_01.services.ExpService [http-nio-5000-exec-1] End calculation
2022-10-27 16:59:17,252 INFO com.logging.logging_01.controllers.BasicController [http-nio-5000-exec-2] Info message of services test
2022-10-27 16:59:17,253 INFO com.logging.logging_01.services.ExpService [http-nio-5000-exec-2] Start calculation
2022-10-27 16:59:17,254 INFO com.logging.logging_01.services.ExpService [http-nio-5000-exec-2] End calculation
2022-10-27 16:59:17,255 INFO com.logging.logging_01.services.ExpService [http-nio-5000-exec-2] Start calculation
2022-10-27 16:59:17,256 INFO com.logging.logging_01.services.ExpService [http-nio-5000-exec-2] End calculation
