2022-10-31 16:00:58,235 INFO org.springframework.boot.StartupInfoLogger [restartedMain] Starting Logging01Application using Java 18.0.1 on DESKTOP-H9TC1Q2 with PID 10644 (C:\Users\Utente\Desktop\Develhope\SpingBoot\logging_01\target\classes started by Utente in C:\Users\Utente\Desktop\Develhope\SpingBoot\logging_01)
2022-10-31 16:00:58,245 INFO org.springframework.boot.SpringApplication [restartedMain] The following 1 profile is active: "prod"
2022-10-31 16:00:58,457 INFO org.springframework.boot.logging.DeferredLog [restartedMain] Devtools property defaults active! Set 'spring.devtools.add-properties' to 'false' to disable
2022-10-31 16:00:58,459 INFO org.springframework.boot.logging.DeferredLog [restartedMain] For additional web related logging consider setting the 'logging.level.web' property to 'DEBUG'
2022-10-31 16:01:01,904 INFO org.springframework.boot.web.embedded.tomcat.TomcatWebServer [restartedMain] Tomcat initialized with port(s): 8080 (http)
2022-10-31 16:01:01,946 INFO org.apache.juli.logging.DirectJDKLog [restartedMain] Initializing ProtocolHandler ["http-nio-8080"]
2022-10-31 16:01:01,947 INFO org.apache.juli.logging.DirectJDKLog [restartedMain] Starting service [Tomcat]
2022-10-31 16:01:01,949 INFO org.apache.juli.logging.DirectJDKLog [restartedMain] Starting Servlet engine: [Apache Tomcat/9.0.68]
2022-10-31 16:01:02,208 INFO org.apache.juli.logging.DirectJDKLog [restartedMain] Initializing Spring embedded WebApplicationContext
2022-10-31 16:01:02,209 INFO org.springframework.boot.web.servlet.context.ServletWebServerApplicationContext [restartedMain] Root WebApplicationContext: initialization completed in 3748 ms
2022-10-31 16:01:03,372 INFO org.springframework.boot.devtools.autoconfigure.OptionalLiveReloadServer [restartedMain] LiveReload server is running on port 35729
2022-10-31 16:01:03,423 INFO org.apache.juli.logging.DirectJDKLog [restartedMain] Starting ProtocolHandler ["http-nio-8080"]
2022-10-31 16:01:03,476 INFO org.springframework.boot.web.embedded.tomcat.TomcatWebServer [restartedMain] Tomcat started on port(s): 8080 (http) with context path ''
2022-10-31 16:01:03,519 INFO org.springframework.boot.StartupInfoLogger [restartedMain] Started Logging01Application in 6.259 seconds (JVM running for 7.768)
2022-10-31 16:03:30,169 INFO org.apache.juli.logging.DirectJDKLog [http-nio-8080-exec-1] Initializing Spring DispatcherServlet 'dispatcherServlet'
2022-10-31 16:03:30,170 INFO org.springframework.web.servlet.FrameworkServlet [http-nio-8080-exec-1] Initializing Servlet 'dispatcherServlet'
2022-10-31 16:03:30,172 INFO org.springframework.web.servlet.FrameworkServlet [http-nio-8080-exec-1] Completed initialization in 2 ms
2022-10-31 16:03:30,220 INFO com.logging.logging_01.controllers.BasicController [http-nio-8080-exec-1] Info message of services prod
2022-10-31 16:03:30,226 INFO com.logging.logging_01.controllers.BasicController [http-nio-8080-exec-1] Calling service of power: (2, 8)
2022-10-31 16:03:30,231 INFO com.logging.logging_01.controllers.BasicController [http-nio-8080-exec-1] Result: 256.0
